nohup: ignoring input

  .   ____          _            __ _ _
 /\\ / ___'_ __ _ _(_)_ __  __ _ \ \ \ \
( ( )\___ | '_ | '_| | '_ \/ _` | \ \ \ \
 \\/  ___)| |_)| | | | | || (_| |  ) ) ) )
  '  |____| .__|_| |_|_| |_\__, | / / / /
 =========|_|==============|___/=/_/_/_/

 :: Spring Boot ::                (v3.5.5)

2025-10-24T08:32:19.833-04:00  INFO 3350 --- [           main] b.c.p.m.MovieCatalogApplication          : Starting MovieCatalogApplication v0.0.1-SNAPSHOT using Java 17.0.16 with PID 3350 (/home/ubuntu/movie-catalog/target/movie-catalog-0.0.1-SNAPSHOT.jar started by ubuntu in /home/ubuntu/movie-catalog)
2025-10-24T08:32:19.837-04:00  INFO 3350 --- [           main] b.c.p.m.MovieCatalogApplication          : No active profile set, falling back to 1 default profile: "default"
2025-10-24T08:32:20.896-04:00  INFO 3350 --- [           main] .s.d.r.c.RepositoryConfigurationDelegate : Bootstrapping Spring Data JPA repositories in DEFAULT mode.
2025-10-24T08:32:20.966-04:00  INFO 3350 --- [           main] .s.d.r.c.RepositoryConfigurationDelegate : Finished Spring Data repository scanning in 59 ms. Found 6 JPA repository interfaces.
2025-10-24T08:32:21.571-04:00  INFO 3350 --- [           main] o.s.b.w.embedded.tomcat.TomcatWebServer  : Tomcat initialized with port 8080 (http)
2025-10-24T08:32:21.584-04:00  INFO 3350 --- [           main] o.apache.catalina.core.StandardService   : Starting service [Tomcat]
2025-10-24T08:32:21.584-04:00  INFO 3350 --- [           main] o.apache.catalina.core.StandardEngine    : Starting Servlet engine: [Apache Tomcat/10.1.44]
2025-10-24T08:32:21.615-04:00  INFO 3350 --- [           main] o.a.c.c.C.[Tomcat].[localhost].[/]       : Initializing Spring embedded WebApplicationContext
2025-10-24T08:32:21.616-04:00  INFO 3350 --- [           main] w.s.c.ServletWebServerApplicationContext : Root WebApplicationContext: initialization completed in 1731 ms
2025-10-24T08:32:21.876-04:00  INFO 3350 --- [           main] com.zaxxer.hikari.HikariDataSource       : HikariPool-1 - Starting...
2025-10-24T08:32:22.095-04:00  INFO 3350 --- [           main] com.zaxxer.hikari.pool.HikariPool        : HikariPool-1 - Added connection conn0: url=jdbc:h2:mem:moviecatalogdb user=SA
2025-10-24T08:32:22.097-04:00  INFO 3350 --- [           main] com.zaxxer.hikari.HikariDataSource       : HikariPool-1 - Start completed.
2025-10-24T08:32:22.163-04:00  INFO 3350 --- [           main] org.flywaydb.core.FlywayExecutor         : Database: jdbc:h2:mem:moviecatalogdb (H2 2.3)
2025-10-24T08:32:22.198-04:00  INFO 3350 --- [           main] o.f.core.internal.database.base.Schema   : Creating schema "public" ...
2025-10-24T08:32:22.202-04:00  INFO 3350 --- [           main] o.f.c.i.s.JdbcTableSchemaHistory         : Creating Schema History table "public"."flyway_schema_history" ...
2025-10-24T08:32:22.259-04:00  INFO 3350 --- [           main] o.f.core.internal.command.DbMigrate      : Current version of schema "public": null
2025-10-24T08:32:22.270-04:00  INFO 3350 --- [           main] o.f.core.internal.command.DbMigrate      : Migrating schema "public" to version "1 - create initial tables"
2025-10-24T08:32:22.300-04:00  INFO 3350 --- [           main] o.f.core.internal.command.DbMigrate      : Successfully applied 1 migration to schema "public", now at version v1 (execution time 00:00.022s)
2025-10-24T08:32:22.379-04:00  INFO 3350 --- [           main] o.hibernate.jpa.internal.util.LogHelper  : HHH000204: Processing PersistenceUnitInfo [name: default]
2025-10-24T08:32:22.432-04:00  INFO 3350 --- [           main] org.hibernate.Version                    : HHH000412: Hibernate ORM core version 6.6.26.Final
2025-10-24T08:32:22.469-04:00  INFO 3350 --- [           main] o.h.c.internal.RegionFactoryInitiator    : HHH000026: Second-level cache disabled
2025-10-24T08:32:22.789-04:00  INFO 3350 --- [           main] o.s.o.j.p.SpringPersistenceUnitInfo      : No LoadTimeWeaver setup: ignoring JPA class transformer
2025-10-24T08:32:22.850-04:00  WARN 3350 --- [           main] org.hibernate.orm.deprecation            : HHH90000025: H2Dialect does not need to be specified explicitly using 'hibernate.dialect' (remove the property setting and it will be selected by default)
2025-10-24T08:32:22.867-04:00  INFO 3350 --- [           main] org.hibernate.orm.connections.pooling    : HHH10001005: Database info:
	Database JDBC URL [Connecting through datasource 'HikariDataSource (HikariPool-1)']
	Database driver: undefined/unknown
	Database version: 2.3.232
	Autocommit mode: undefined/unknown
	Isolation level: undefined/unknown
	Minimum pool size: undefined/unknown
	Maximum pool size: undefined/unknown
2025-10-24T08:32:23.889-04:00  INFO 3350 --- [           main] o.h.e.t.j.p.i.JtaPlatformInitiator       : HHH000489: No JTA platform available (set 'hibernate.transaction.jta.platform' to enable JTA platform integration)
2025-10-24T08:32:23.893-04:00  INFO 3350 --- [           main] j.LocalContainerEntityManagerFactoryBean : Initialized JPA EntityManagerFactory for persistence unit 'default'
2025-10-24T08:32:24.510-04:00  WARN 3350 --- [           main] JpaBaseConfiguration$JpaWebConfiguration : spring.jpa.open-in-view is enabled by default. Therefore, database queries may be performed during view rendering. Explicitly configure spring.jpa.open-in-view to disable this warning
2025-10-24T08:32:24.737-04:00  INFO 3350 --- [           main] eAuthenticationProviderManagerConfigurer : Global AuthenticationManager configured with AuthenticationProvider bean with name authenticationProvider
2025-10-24T08:32:24.737-04:00  WARN 3350 --- [           main] r$InitializeUserDetailsManagerConfigurer : Global AuthenticationManager configured with an AuthenticationProvider bean. UserDetailsService beans will not be used by Spring Security for automatically configuring username/password login. Consider removing the AuthenticationProvider bean. Alternatively, consider using the UserDetailsService in a manually instantiated DaoAuthenticationProvider. If the current configuration is intentional, to turn off this warning, increase the logging level of 'org.springframework.security.config.annotation.authentication.configuration.InitializeUserDetailsBeanManagerConfigurer' to ERROR
2025-10-24T08:32:25.159-04:00  INFO 3350 --- [           main] o.s.b.w.embedded.tomcat.TomcatWebServer  : Tomcat started on port 8080 (http) with context path '/'
2025-10-24T08:32:25.178-04:00  INFO 3350 --- [           main] b.c.p.m.MovieCatalogApplication          : Started MovieCatalogApplication in 5.8 seconds (process running for 6.288)
2025-10-24T08:32:32.535-04:00  INFO 3350 --- [nio-8080-exec-1] o.a.c.c.C.[Tomcat].[localhost].[/]       : Initializing Spring DispatcherServlet 'dispatcherServlet'
2025-10-24T08:32:32.535-04:00  INFO 3350 --- [nio-8080-exec-1] o.s.web.servlet.DispatcherServlet        : Initializing Servlet 'dispatcherServlet'
2025-10-24T08:32:32.536-04:00  INFO 3350 --- [nio-8080-exec-1] o.s.web.servlet.DispatcherServlet        : Completed initialization in 1 ms
